<?xml version="1.0" encoding="UTF-8"?>
<!-- Generated by org.testng.reporters.JUnitReportReporter -->
<testsuite hostname="DESKTOP-GMJBA7V" failures="0" tests="4" name="test.TestClass2" time="0.006" errors="0" timestamp="2023-05-13T12:37:17 EEST" skipped="0">
  <testcase classname="test.TestClass2" name="test1" time="0.003"/>
  <system-out/>
  <testcase classname="test.TestClass2" name="test2" time="0.003"/>
  <system-out/>
  <testcase classname="test.TestClass2" name="test3" time="0.000"/>
  <system-out/>
  <testcase classname="test.TestClass2" name="a" time="0.000"/>
  <system-out/>
</testsuite> <!-- test.TestClass2 -->
