<?xml version="1.0" encoding="UTF-8"?>
<!-- Generated by org.testng.reporters.JUnitReportReporter -->
<testsuite hostname="DESKTOP-GMJBA7V" failures="0" tests="3" name="test.TestClass1" time="0.073" errors="0" timestamp="2023-05-13T13:15:46 EEST" skipped="0">
  <testcase classname="test.TestClass1" name="test2" time="0.065"/>
  <system-out/>
  <testcase classname="test.TestClass1" name="test1" time="0.004"/>
  <system-out/>
  <testcase classname="test.TestClass1" name="test3" time="0.004"/>
  <system-out/>
</testsuite> <!-- test.TestClass1 -->
