<?xml version="1.0" encoding="UTF-8"?>
<!-- Generated by org.testng.reporters.JUnitReportReporter -->
<testsuite hostname="DESKTOP-GMJBA7V" failures="0" tests="3" name="test.TestClass1" time="0.020" errors="0" timestamp="2023-05-13T12:37:17 EEST" skipped="0">
  <testcase classname="test.TestClass1" name="test2" time="0.013"/>
  <system-out/>
  <testcase classname="test.TestClass1" name="test1" time="0.005"/>
  <system-out/>
  <testcase classname="test.TestClass1" name="test3" time="0.002"/>
  <system-out/>
</testsuite> <!-- test.TestClass1 -->
