<?xml version="1.0" encoding="UTF-8"?>
<testsuite name="test.TestClass1" tests="3" skipped="0" failures="0" errors="0" timestamp="2023-05-13T10:15:45" hostname="DESKTOP-GMJBA7V" time="0.09">
  <properties/>
  <testcase name="test2" classname="test.TestClass1" time="0.065"/>
  <testcase name="test1" classname="test.TestClass1" time="0.004"/>
  <testcase name="test3" classname="test.TestClass1" time="0.004"/>
  <system-out><![CDATA[Starting before class method!
Starting test 2
Starting test 1
Starting test 3
]]></system-out>
  <system-err><![CDATA[]]></system-err>
</testsuite>
