<?xml version="1.0" encoding="UTF-8"?>
<testsuite name="test.TestClass2" tests="4" skipped="0" failures="0" errors="0" timestamp="2023-05-13T10:15:45" hostname="DESKTOP-GMJBA7V" time="0.21">
  <properties/>
  <testcase name="test1" classname="test.TestClass2" time="0.002"/>
  <testcase name="test2" classname="test.TestClass2" time="0.0"/>
  <testcase name="test3" classname="test.TestClass2" time="0.002"/>
  <testcase name="a" classname="test.TestClass2" time="0.005"/>
  <system-out><![CDATA[Starting before class method!
Starting test1 from class 2
Starting test2 from class 2
Starting test3 from class 2
mnogo qko brat
]]></system-out>
  <system-err><![CDATA[]]></system-err>
</testsuite>
